<?xml version="1.0" encoding="UTF-8"?>
<!-- Generated by org.testng.reporters.JUnitXMLReporter -->
<testsuite ignored="0" hostname="LAPTOP-21POQEFS" failures="1" tests="3" name="Test" time="35.184" errors="0" timestamp="2022-06-24T14:00:01 IST">
  <testcase classname="scripts.Testcase3" name="tc3" time="18.176">
    <failure type="java.lang.AssertionError" message="expected [hhvhfhfihifj] but found [Learn Core Java for Selenium|Core Java Certification|SkillRary]">
      <![CDATA[java.lang.AssertionError: expected [hhvhfhfihifj] but found [Learn Core Java for Selenium|Core Java Certification|SkillRary]
at scripts.Testcase3.tc3(Testcase3.java:33)
at java.base/java.util.ArrayList.forEach(ArrayList.java:1511)
... Removed 33 stack frames]]>
    </failure>
  </testcase> <!-- tc3 -->
  <testcase classname="scripts.Testcase2" name="tc2" time="5.376"/>
  <testcase classname="scripts.Testcase1" name="tc1" time="3.598"/>
</testsuite> <!-- Test -->
